d:\projects\vs2013\aloneengine\source\externlib\luabind\release\luabind.pdb
d:\projects\vs2013\aloneengine\source\externlib\luabind\release\stack_content_by_name.obj
d:\projects\vs2013\aloneengine\source\externlib\luabind\release\shared_ptr_converter.obj
d:\projects\vs2013\aloneengine\source\externlib\luabind\release\set_package_preload.obj
d:\projects\vs2013\aloneengine\source\externlib\luabind\release\scope.obj
d:\projects\vs2013\aloneengine\source\externlib\luabind\release\pcall.obj
d:\projects\vs2013\aloneengine\source\externlib\luabind\release\operator.obj
d:\projects\vs2013\aloneengine\source\externlib\luabind\release\open.obj
d:\projects\vs2013\aloneengine\source\externlib\luabind\release\object_rep.obj
d:\projects\vs2013\aloneengine\source\externlib\luabind\release\lua51compat.obj
d:\projects\vs2013\aloneengine\source\externlib\luabind\release\link_compatibility.obj
d:\projects\vs2013\aloneengine\source\externlib\luabind\release\inheritance.obj
d:\projects\vs2013\aloneengine\source\externlib\luabind\release\function_introspection.obj
d:\projects\vs2013\aloneengine\source\externlib\luabind\release\function.obj
d:\projects\vs2013\aloneengine\source\externlib\luabind\release\exception_handler.obj
d:\projects\vs2013\aloneengine\source\externlib\luabind\release\error.obj
d:\projects\vs2013\aloneengine\source\externlib\luabind\release\create_class.obj
d:\projects\vs2013\aloneengine\source\externlib\luabind\release\class_rep.obj
d:\projects\vs2013\aloneengine\source\externlib\luabind\release\class_registry.obj
d:\projects\vs2013\aloneengine\source\externlib\luabind\release\class_info.obj
d:\projects\vs2013\aloneengine\source\externlib\luabind\release\class.obj
d:\projects\vs2013\aloneengine\source\externlib\luabind\release\wrapper_base.obj
d:\projects\vs2013\aloneengine\source\externlib\luabind\release\weak_ref.obj
d:\projects\vs2013\aloneengine\bin\lib\luabind.lib
d:\projects\vs2013\aloneengine\source\externlib\luabind\release\luabind.tlog\cl.command.1.tlog
d:\projects\vs2013\aloneengine\source\externlib\luabind\release\luabind.tlog\cl.read.1.tlog
d:\projects\vs2013\aloneengine\source\externlib\luabind\release\luabind.tlog\cl.write.1.tlog
d:\projects\vs2013\aloneengine\source\externlib\luabind\release\luabind.tlog\lib-link.read.1.tlog
d:\projects\vs2013\aloneengine\source\externlib\luabind\release\luabind.tlog\lib-link.write.1.tlog
d:\projects\vs2013\aloneengine\source\externlib\luabind\release\luabind.tlog\lib.command.1.tlog
