d:\projects\vs2013\eastengine\source\externlib\luabind\debug\luabind.pdb
d:\projects\vs2013\eastengine\source\externlib\luabind\debug\luabind.idb
d:\projects\vs2013\eastengine\source\externlib\luabind\debug\class_registry.obj
d:\projects\vs2013\eastengine\source\externlib\luabind\debug\class_rep.obj
d:\projects\vs2013\eastengine\source\externlib\luabind\debug\create_class.obj
d:\projects\vs2013\eastengine\source\externlib\luabind\debug\error.obj
d:\projects\vs2013\eastengine\source\externlib\luabind\debug\exception_handler.obj
d:\projects\vs2013\eastengine\source\externlib\luabind\debug\function.obj
d:\projects\vs2013\eastengine\source\externlib\luabind\debug\function_introspection.obj
d:\projects\vs2013\eastengine\source\externlib\luabind\debug\inheritance.obj
d:\projects\vs2013\eastengine\source\externlib\luabind\debug\link_compatibility.obj
d:\projects\vs2013\eastengine\source\externlib\luabind\debug\lua51compat.obj
d:\projects\vs2013\eastengine\source\externlib\luabind\debug\object_rep.obj
d:\projects\vs2013\eastengine\source\externlib\luabind\debug\open.obj
d:\projects\vs2013\eastengine\source\externlib\luabind\debug\operator.obj
d:\projects\vs2013\eastengine\source\externlib\luabind\debug\pcall.obj
d:\projects\vs2013\eastengine\source\externlib\luabind\debug\scope.obj
d:\projects\vs2013\eastengine\source\externlib\luabind\debug\set_package_preload.obj
d:\projects\vs2013\eastengine\source\externlib\luabind\debug\shared_ptr_converter.obj
d:\projects\vs2013\eastengine\source\externlib\luabind\debug\stack_content_by_name.obj
d:\projects\vs2013\eastengine\source\externlib\luabind\debug\weak_ref.obj
d:\projects\vs2013\eastengine\source\externlib\luabind\debug\wrapper_base.obj
d:\projects\vs2013\eastengine\source\externlib\luabind\debug\class.obj
d:\projects\vs2013\eastengine\source\externlib\luabind\debug\class_info.obj
d:\projects\vs2013\eastengine\debuglib\luabind_d.lib
d:\projects\vs2013\eastengine\source\externlib\luabind\debug\luabind.tlog\cl.command.1.tlog
d:\projects\vs2013\eastengine\source\externlib\luabind\debug\luabind.tlog\cl.read.1.tlog
d:\projects\vs2013\eastengine\source\externlib\luabind\debug\luabind.tlog\cl.write.1.tlog
d:\projects\vs2013\eastengine\source\externlib\luabind\debug\luabind.tlog\lib-link.read.1.tlog
d:\projects\vs2013\eastengine\source\externlib\luabind\debug\luabind.tlog\lib-link.write.1.tlog
d:\projects\vs2013\eastengine\source\externlib\luabind\debug\luabind.tlog\lib.command.1.tlog
